02:49:19 DEBUG : Logs will be stored at 'D:/zybo_Adder_1/IDE.log'.
02:49:21 INFO  : Launching XSCT server: xsct.bat -n  -interactive D:\zybo_Adder_1\temp_xsdb_launch_script.tcl
02:49:21 INFO  : Registering command handlers for Vitis TCF services
02:49:21 INFO  : Platform repository initialization has completed.
02:49:23 INFO  : XSCT server has started successfully.
02:49:23 INFO  : Successfully done setting XSCT server connection channel  
02:49:23 INFO  : plnx-install-location is set to ''
02:49:23 INFO  : Successfully done query RDI_DATADIR 
02:49:23 INFO  : Successfully done setting workspace for the tool. 
02:50:21 INFO  : Result from executing command 'getProjects': design_1_wrapper1
02:50:21 INFO  : Result from executing command 'getPlatforms': xilinx_vck190_base_202210_1|C:/Xilinx/Vitis/2022.1/base_platforms/xilinx_vck190_base_202210_1/xilinx_vck190_base_202210_1.xpfm;xilinx_vck190_base_dfx_202210_1|C:/Xilinx/Vitis/2022.1/base_platforms/xilinx_vck190_base_dfx_202210_1/xilinx_vck190_base_dfx_202210_1.xpfm;xilinx_vmk180_base_202210_1|C:/Xilinx/Vitis/2022.1/base_platforms/xilinx_vmk180_base_202210_1/xilinx_vmk180_base_202210_1.xpfm;xilinx_zcu102_base_202210_1|C:/Xilinx/Vitis/2022.1/base_platforms/xilinx_zcu102_base_202210_1/xilinx_zcu102_base_202210_1.xpfm;xilinx_zcu102_base_dfx_202210_1|C:/Xilinx/Vitis/2022.1/base_platforms/xilinx_zcu102_base_dfx_202210_1/xilinx_zcu102_base_dfx_202210_1.xpfm;xilinx_zcu104_base_202210_1|C:/Xilinx/Vitis/2022.1/base_platforms/xilinx_zcu104_base_202210_1/xilinx_zcu104_base_202210_1.xpfm
02:50:22 WARN  : An unexpected exception occurred in the module 'platform project logging'
02:50:22 INFO  : Platform 'design_1_wrapper1' is added to custom repositories.
02:50:29 INFO  : Platform 'design_1_wrapper1' is added to custom repositories.
02:51:18 INFO  : Checking for BSP changes to sync application flags for project 'adder'...
02:51:18 INFO  : Result from executing command 'getProjects': RemoteSystemsTempFiles;adder;adder_system;design_1_wrapper1
02:51:18 WARN  : Failed to closehw "D:/zybo_Adder_1/design_1_wrapper1/export/design_1_wrapper1/hw/design_1_wrapper1.xsa"
Reason: D:/zybo_Adder_1/design_1_wrapper1/export/design_1_wrapper1/hw/design_1_wrapper1.xsa is not available in the current workspace
use 'getprojects' command to see list of available projects in current workspace
02:51:18 INFO  : Result from executing command 'getProjects': RemoteSystemsTempFiles;adder;adder_system;design_1_wrapper1
02:51:18 ERROR : Failed to openhw "D:/zybo_Adder_1/design_1_wrapper1/export/design_1_wrapper1/hw/design_1_wrapper1.xsa"
Reason: D:/zybo_Adder_1/design_1_wrapper1/export/design_1_wrapper1/hw/design_1_wrapper1.xsa is not available in the current workspace
use 'getprojects' command to see list of available projects in current workspace
02:51:18 ERROR : Failed to update application flags from BSP for 'adder'. Reason: null
java.lang.NullPointerException: null
	at com.xilinx.sdx.sw.internal.SDxSwPlatform.<init>(SDxSwPlatform.java:305) ~[com.xilinx.sdx.sw_1.0.0.202204140305.jar:?]
	at com.xilinx.sdx.sw.internal.SDxSwPlatform.create(SDxSwPlatform.java:214) ~[com.xilinx.sdx.sw_1.0.0.202204140305.jar:?]
	at com.xilinx.sdx.sdk.core.util.SdkPlatformHelper.getSwPlatform(SdkPlatformHelper.java:64) ~[com.xilinx.sdx.sdk.core_1.0.0.202204140305.jar:?]
	at com.xilinx.sdx.sdk.core.build.SdkMakefileGenerationListener.getSwPlatform(SdkMakefileGenerationListener.java:160) ~[com.xilinx.sdx.sdk.core_1.0.0.202204140305.jar:?]
	at com.xilinx.sdx.sdk.core.build.SdkMakefileGenerationListener.syncAppFlags(SdkMakefileGenerationListener.java:78) [com.xilinx.sdx.sdk.core_1.0.0.202204140305.jar:?]
	at com.xilinx.sdx.sdk.core.build.SdkMakefileGenerationListener.preMakefileGeneration(SdkMakefileGenerationListener.java:48) [com.xilinx.sdx.sdk.core_1.0.0.202204140305.jar:?]
	at com.xilinx.sdk.managedbuilder.XilinxGnuMakefileGenerator.notifyPreMakefileGenerationListeners(XilinxGnuMakefileGenerator.java:91) [com.xilinx.sdk.managedbuilder_1.0.0.202204140305.jar:?]
	at com.xilinx.sdk.managedbuilder.XilinxGnuMakefileGenerator.regenerateMakefiles(XilinxGnuMakefileGenerator.java:75) [com.xilinx.sdk.managedbuilder_1.0.0.202204140305.jar:?]
	at org.eclipse.cdt.managedbuilder.internal.core.CommonBuilder.performMakefileGeneration(CommonBuilder.java:1006) [org.eclipse.cdt.managedbuilder.core_8.6.0.201802261533.jar:?]
	at org.eclipse.cdt.managedbuilder.internal.core.CommonBuilder.performPrebuildGeneration(CommonBuilder.java:873) [org.eclipse.cdt.managedbuilder.core_8.6.0.201802261533.jar:?]
	at org.eclipse.cdt.managedbuilder.internal.core.CommonBuilder.build(CommonBuilder.java:748) [org.eclipse.cdt.managedbuilder.core_8.6.0.201802261533.jar:?]
	at org.eclipse.cdt.managedbuilder.internal.core.CommonBuilder.build(CommonBuilder.java:513) [org.eclipse.cdt.managedbuilder.core_8.6.0.201802261533.jar:?]
	at org.eclipse.cdt.managedbuilder.internal.core.CommonBuilder.build(CommonBuilder.java:459) [org.eclipse.cdt.managedbuilder.core_8.6.0.201802261533.jar:?]
	at org.eclipse.core.internal.events.BuildManager$2.run(BuildManager.java:832) [org.eclipse.core.resources_3.13.700.v20200209-1624.jar:?]
	at org.eclipse.core.runtime.SafeRunner.run(SafeRunner.java:45) [org.eclipse.equinox.common_3.11.0.v20200206-0817.jar:?]
	at org.eclipse.core.internal.events.BuildManager.basicBuild(BuildManager.java:220) [org.eclipse.core.resources_3.13.700.v20200209-1624.jar:?]
	at org.eclipse.core.internal.events.BuildManager.basicBuild(BuildManager.java:263) [org.eclipse.core.resources_3.13.700.v20200209-1624.jar:?]
	at org.eclipse.core.internal.events.BuildManager$1.run(BuildManager.java:316) [org.eclipse.core.resources_3.13.700.v20200209-1624.jar:?]
	at org.eclipse.core.runtime.SafeRunner.run(SafeRunner.java:45) [org.eclipse.equinox.common_3.11.0.v20200206-0817.jar:?]
	at org.eclipse.core.internal.events.BuildManager.basicBuild(BuildManager.java:319) [org.eclipse.core.resources_3.13.700.v20200209-1624.jar:?]
	at org.eclipse.core.internal.events.BuildManager.basicBuildLoop(BuildManager.java:371) [org.eclipse.core.resources_3.13.700.v20200209-1624.jar:?]
	at org.eclipse.core.internal.events.BuildManager.build(BuildManager.java:392) [org.eclipse.core.resources_3.13.700.v20200209-1624.jar:?]
	at org.eclipse.core.internal.resources.Workspace.buildInternal(Workspace.java:515) [org.eclipse.core.resources_3.13.700.v20200209-1624.jar:?]
	at org.eclipse.core.internal.resources.Workspace.build(Workspace.java:412) [org.eclipse.core.resources_3.13.700.v20200209-1624.jar:?]
	at org.eclipse.ui.actions.BuildAction$1.runInWorkspace(BuildAction.java:291) [org.eclipse.ui.ide_3.17.0.v20200217-1511.jar:?]
	at org.eclipse.core.internal.resources.InternalWorkspaceJob.run(InternalWorkspaceJob.java:42) [org.eclipse.core.resources_3.13.700.v20200209-1624.jar:?]
	at org.eclipse.core.internal.jobs.Worker.run(Worker.java:63) [org.eclipse.core.jobs_3.10.700.v20200106-1020.jar:?]
03:12:57 INFO  : Checking for BSP changes to sync application flags for project 'adder'...
03:12:57 ERROR : Failed to get platform details for the project 'adder'. Cannot sync application flags.
03:12:58 ERROR : Failed to compute checksum of hardware specification file used by project 'adder'
03:13:27 ERROR : The platform 'D:/zybo_Adder_1/design_1_wrapper1/export/design_1_wrapper1/design_1_wrapper1.xpfm' used by the system project 'adder_system' is not valid.
03:13:50 INFO  : Hardware specification for platform project 'design_1_wrapper1' is updated.
03:13:58 INFO  : Successfully removed platform .
03:14:07 INFO  : Result from executing command 'removePlatformRepo': 
03:14:56 INFO  : No changes in MSS file content so sources will not be generated.
03:17:28 INFO  : Result from executing command 'removePlatformRepo': 
03:20:24 INFO  : Checking for BSP changes to sync application flags for project 'adder'...
03:20:24 ERROR : Failed to get platform details for the project 'adder'. Cannot sync application flags.
03:20:52 ERROR : The platform 'D:/zybo_Adder_1/design_1_wrapper1/export/design_1_wrapper1/design_1_wrapper1.xpfm' used by the system project 'adder_system' is not valid.
03:23:57 INFO  : Result from executing command 'getProjects': design_1_wrapper1;test
03:23:57 INFO  : Result from executing command 'getPlatforms': xilinx_vck190_base_202210_1|C:/Xilinx/Vitis/2022.1/base_platforms/xilinx_vck190_base_202210_1/xilinx_vck190_base_202210_1.xpfm;xilinx_vck190_base_dfx_202210_1|C:/Xilinx/Vitis/2022.1/base_platforms/xilinx_vck190_base_dfx_202210_1/xilinx_vck190_base_dfx_202210_1.xpfm;xilinx_vmk180_base_202210_1|C:/Xilinx/Vitis/2022.1/base_platforms/xilinx_vmk180_base_202210_1/xilinx_vmk180_base_202210_1.xpfm;xilinx_zcu102_base_202210_1|C:/Xilinx/Vitis/2022.1/base_platforms/xilinx_zcu102_base_202210_1/xilinx_zcu102_base_202210_1.xpfm;xilinx_zcu102_base_dfx_202210_1|C:/Xilinx/Vitis/2022.1/base_platforms/xilinx_zcu102_base_dfx_202210_1/xilinx_zcu102_base_dfx_202210_1.xpfm;xilinx_zcu104_base_202210_1|C:/Xilinx/Vitis/2022.1/base_platforms/xilinx_zcu104_base_202210_1/xilinx_zcu104_base_202210_1.xpfm
03:29:37 DEBUG : Logs will be stored at 'D:/zybo_Adder_1/IDE.log'.
03:29:37 INFO  : Launching XSCT server: xsct.bat -n  -interactive D:\zybo_Adder_1\temp_xsdb_launch_script.tcl
03:29:39 INFO  : Registering command handlers for Vitis TCF services
03:29:39 INFO  : XSCT server has started successfully.
03:29:39 INFO  : plnx-install-location is set to ''
03:29:39 INFO  : Successfully done setting XSCT server connection channel  
03:29:39 INFO  : Platform repository initialization has completed.
03:29:39 INFO  : Successfully done setting workspace for the tool. 
03:29:39 INFO  : Successfully done query RDI_DATADIR 
03:30:01 INFO  : No changes in MSS file content so sources will not be generated.
03:30:18 INFO  : No changes in MSS file content so sources will not be generated.
03:30:41 INFO  : No changes in MSS file content so sources will not be generated.
03:30:50 INFO  : No changes in MSS file content so sources will not be generated.
03:31:14 INFO  : No changes in MSS file content so sources will not be generated.
